                      ; ****************
                      ; * ROM_E000.asm *
                      ; ****************
                              
                      
                      ; system call macro to support the Warte variant 
                      ;               of the MC6809e, the 6809w. This replaces
                      ;               the SWI3 instruction with the SYS #n OS9 
                      ;               style system call instruction.
                      SYS             macro
                                      SWI3
                                      fcb             \1              
                                      endm
                                              
                      
                                              
                      
                      ; **************
                      ; * MEMORY MAP *
                      ; **************
0000                                                  org     $0000
                                                      
0000  E026            SOFT_RESET      fdb     do_RESET        ; Software RESET Vector
0002  E011            SOFT_NMI        fdb     do_NMI          ; Software NMI Vector
0004  E014            SOFT_SWI        fdb     do_SWI          ; Software SWI Vector
0006  E017            SOFT_IRQ        fdb     do_IRQ          ; Software IRQ Vector
0008  E01A            SOFT_FIRQ       fdb     do_FIRQ         ; Software FIRQ Vector
000A  E01D            SOFT_SWI2       fdb     do_SWI2         ; Software SWI2 Vector
000C  E020            SOFT_SWI3       fdb     do_SWI3         ; Software SWI3 Vector
000E  E023            SOFT_RSRVD      fdb     do_RSRV         ; Software Motorola Reserved Vector
                      
                      ; reserved system variables
0010  E07F            EXEC_VECTOR             fdb             reset                   ; execution vector 
                      
0012  00              TCSR_ROW                fcb             0                               ; current text cursor row
0013  00              TCSR_COL                fcb             0                               ; current text cursor column
0014  10              TCSR_ATTRIB             fcb             $10                             ; current cursor attribute
0015  A2              TEXT_ATTRIB             fcb             $a2                             ; current text attribute
0016  0000            TCSR_DECAY              fdb             $0000                   ; counter delay for the cursor
0018  00              TCSR_ANC_ROW    fcb             0                               ; beginning row of line currently being edited
0019  00              TCSR_ANC_COL    fcb             0                               ; beginning column of line currently being edited
001A  0000            TCSR_ANC_ADR    fdb             0                               ; anchor address
001C  0000            TCSR_EDT_ADR    fdb             0                               ; address when enter was pressed during line edit
001E  02              DEF_GFX_FLAGS   fcb             $02                             ; default graphics flags        ($02)
                      
001F                                          INCLUDE "mem_map.asm"
                      ;  **********************************************
                      ;  * Allocated 64k Memory Mapped System Symbols *
                      ;  **********************************************
                      
                      
                      ;  Zero-Page Kernal Variables:
0010                  SYSTEM_VARS     equ     $0010   ; start kernal vectors and variables
                      
                      ;  Stack Frames:
0100                  U_STK_BTM       equ     $0100   ; 256 bytes default user stack space
0200                  U_STK_TOP       equ     $0200   ; User Stack initial address
0200                  S_STK_BTM       equ     $0200   ; 512 bytes default system stack space
0400                  S_STK_TOP       equ     $0400   ; System Stack initial address
                      
                      ;  Video Buffer Memory (target = $0400):
0400                  VIDEO_START     equ     $0400   ; Start of 5KB Video Buffer Memory
17FF                  VIDEO_END       equ     $17ff   ; Last Byte of 5KB Video Buffer Memory
                      
                      ;  Graphics Hardware Registers:
1800                  GFX_BEGIN       equ     $1800   ; start of graphics hardware registers
1800                  GFX_FLAGS       equ     $1800   ; (Byte) gfx system flags:
                                                      ;      bit 7: VSYNC
                                                      ;      bit 6: backbuffer enable
                                                      ;      bit 5: swap backbuffers (on write)
                                                      ;      bit 4: reserved
                                                      ;      bits 2-3 = 'Background' graphics modes (20KB buffer)
                                                      ;          0) NONE (forced black background)
                                                      ;          1) Tiled 16x16 mode
                                                      ;          2) Overscan Tile 16x16 mode
                                                      ;          3) 128x80 x 256-Colors
                                                      ;      bits 0-1 = 'Foreground' graphics modes (5KB buffer)
                                                      ;          0) 256x160 x 2-Color (with disable flag)
                                                      ;          1) Glyph Mode (32x20 text)
                                                      ;          2) Glyph Mode (64x40 text)
                                                      ;          3) 128x80 x 16-Color
1801                  GFX_AUX equ     $1801   ; (Byte) gfx auxillary/emulation flags:
                                                      ;      bit 7: 1:fullscreen / 0:windowed
                                                      ;      bit 6: reserved
                                                      ;      bit 5: reserved
                                                      ;      bit 4: reserved
                                                      ;      bit 3: reserved
                                                      ;      bit 0-2: monitor display index (0-7)
1802                  GFX_TIMING_W    equ     $1802   ; (Word) horizontal timing
1804                  GFX_TIMING_H    equ     $1804   ; (Word) vertical timing
1806                  GFX_PAL_INDX    equ     $1806   ; (Byte) gfx palette index (0-15)
1807                  GFX_PAL_DATA    equ     $1807   ; (Word) gfx palette color bits RGBA4444
                      
                      ;  Paged Foreground Graphics Mode Hardware Registers:
1809                  GFX_FG_BEGIN    equ     $1809   ; start of paged foreground gfxmode registers
1809                  GFX_FG_WDTH     equ     $1809   ; (Byte) Foreground Unit Width-1
180A                  GFX_FG_HGHT     equ     $180a   ; (Byte) Foreground Unit Height-1
180A                  GFX_FG_END      equ     $180a   ; end of paged foreground gfxmode registers
                      
                      ;  Paged Background Graphics Mode Hardware Registers:
180B                  GFX_BG_BEGIN    equ     $180b   ; start of paged background gfxmode registers
180B                  GFX_EXT_ADDR    equ     $180b   ; (Word) 20K extended graphics addresses
180D                  GFX_EXT_DATA    equ     $180d   ; (Byte) 20K extended graphics RAM data
180D                  GFX_BG_END      equ     $180d   ; end of paged background gfxmode registers
                      
                      ;  Mouse Cursor Hardware Registers:
180E                  CSR_BEGIN       equ     $180e   ; start of mouse cursor hardware registers
180E                  CSR_XPOS        equ     $180e   ; (Word) horizontal mouse cursor coordinate
1810                  CSR_YPOS        equ     $1810   ; (Word) vertical mouse cursor coordinate
1812                  CSR_XOFS        equ     $1812   ; (Byte) horizontal mouse cursor offset
1813                  CSR_YOFS        equ     $1813   ; (Byte) vertical mouse cursor offset
1814                  CSR_SIZE        equ     $1814   ; (Byte) cursor size (0-15) 0:off
1815                  CSR_SCROLL      equ     $1815   ; (Signed) MouseWheel Scroll: -1, 0, 1
1816                  CSR_FLAGS       equ     $1816   ; (Byte) mouse button flags:
                                                      ;      bits 0-5: button states
                                                      ;      bits 6-7: number of clicks
1817                  CSR_PAL_INDX    equ     $1817   ; (Byte) mouse cursor color palette index (0-15)
1818                  CSR_PAL_DATA    equ     $1818   ; (Word) mouse cursor color palette data RGBA4444
181A                  CSR_BMP_INDX    equ     $181a   ; (Byte) mouse cursor bitmap pixel offset
181B                  CSR_BMP_DATA    equ     $181b   ; (Byte) mouse cursor bitmap pixel index color
181B                  CSR_END equ     $181b   ; end of mouse cursor hardware registers
                      
                      ;  Debugger Hardware Registers:
181C                  DBG_BEGIN       equ     $181c   ; Start of Debugger Hardware Registers
181C                  DBG_BRK_ADDR    equ     $181c   ; (Word) Address of current breakpoint
181E                  DBG_FLAGS       equ     $181e   ; (Byte) Debug Specific Hardware Flags
                                                      ;      bit 7: Debug Enable
                                                      ;      bit 6: Single Step Enable
                                                      ;      bit 5: clear all breakpoints
                                                      ;      bit 4: Toggle Breakpoint at DEBUG_BRK_ADDRESS
                                                      ;      bit 3: FIRQ  (on low to high edge)
                                                      ;      bit 2: IRQ   (on low to high edge)
                                                      ;      bit 1: NMI   (on low to high edge)
                                                      ;      bit 0: RESET (on low to high edge)
181E                  DBG_END equ     $181e   ; End of the Debugger Hardware Registers
                      
                      
181F                  GFX_END equ     $181f   ; end of the GFX Hardware Registers
                      
                      ;  File I/O Hardware Registers:
181F                  FIO_BEGIN       equ     $181f   ; start of file i/o hardware registers
181F                  FIO_ERR_FLAGS   equ     $181f   ; (Byte) file i/o system flags:
                                                      ;      bit 7:   file not found
                                                      ;      bit 6:  end of file
                                                      ;      bit 5:   buffer overrun
                                                      ;      bit 0-4: not yet assigned
1820                  FIO_COMMAND     equ     $1820   ; (Byte) OnWrite - command to execute
                                                      ;      $00 = Reset/Null
                                                      ;      $01 = Open/Create Binary File for Reading
                                                      ;      $02 = Open/Create Binary File for Writing
                                                      ;      $03 = Open/Create Binary File for Append
                                                      ;      $04 = Close File
                                                      ;      $05 = Read Byte
                                                      ;      $06 = Write Byte
                                                      ;      $07 = Load Hex Format File
                                                      ;      $08 = Write Hex Format Line
                                                      ;      $09 = Get File Length (FIO_BFRLEN = file length
                                                      ;      $0A = Load Binary File (read into FIO_BFROFS - FIO_BFROFS+FIO_BFRLEN)
                                                      ;      $0B = Save Binary File (wrote from FIO_BFROFS to FIO_BFROFS+FIO_BFRLEN)
                                                      ;      $0C = (not yet designed) List Directory
                                                      ;      $0D = Make Directory
                                                      ;      $0E = Change Directory
                                                      ;      $0F = Rename Directory
                                                      ;      $10 = Remove Directory
                                                      ;      $11 = Delete File
                                                      ;      $12 = Rename file
                                                      ;      $13 = Copy File
                                                      ;      $14 = Seek Start
                                                      ;      $15 = Seek Current
                                                      ;      $16 = Seek End
                                                      ;      $17 = SYSTEM: Shutdown
1821                  FIO_HANDLE      equ     $1821   ; (Byte) file handle or ZERO
1822                  FIO_BFROFS      equ     $1822   ; (Word) start of I/O buffer
1823                  FIO_BFRLEN      equ     $1823   ; (Word) length of I/O buffer
1825                  FIO_SEEKOFS     equ     $1825   ; (Word) seek offset
1827                  FIO_FILEPATH    equ     $1827   ; (Char Array 256) file path and argument buffer
1927                  FIO_END equ     $1927   ; end of file i/o hardware registers
                      
                      ;  Keyboard Hardware Registers:
1928                  KEY_BEGIN       equ     $1928   ; start of keyboard hardware registers
1928                  CHAR_Q_LEN      equ     $1928   ; (char) # of characters waiting in queue       (Read Only)
1929                  CHAR_SCAN       equ     $1929   ; read next character in queue       (not popped when read)
192A                  CHAR_POP        equ     $192a   ; (char) next character waiting in queue (popped when read)
192B                  XKEY_BUFFER     equ     $192b   ; (128 bits) 16 bytes for XK_KEY data buffer    (Read Only)
193B                  EDT_BFR_CSR     equ     $193b   ; (Byte) cursor position within edit buffer    (Read/Write)
193C                  EDT_BUFFER      equ     $193c   ; (256 Bytes) line editing character buffer    (Read/Write)
1A3C                  KEY_END equ     $1a3c   ; end of keyboard hardware registers
                      
                      ;  Reserved Hardware:
1A3D                  RESERVED_HDW    equ     $1a3d   ; Reserved 1470 bytes ($1A3D - $1FFB)
                      
                      ;  Memory Bank Selects (16MB):
1FFC                  RAMBANK_SEL_1   equ     $1ffc   ; (Word)Indexes 65536 x 8kb banks
1FFE                  RAMBANK_SEL_2   equ     $1ffe   ; (Word)Indexes 65536 x 8kb banks
                      
                      ;  Standard Usable (from FAST static 32KB) RAM:
2000                  RAM_START       equ     $2000   ; Begin System RAM (32k)
9FFF                  RAM_END equ     $9fff   ; End System RAM
                      
                      ;  Switchable RAM Banks (from SLOW external serial 16MB RAM chip):
A000                  RAM_BANK_1      equ     $a000   ; switched 8KB ram bank 1
C000                  RAM_BANK_2      equ     $c000   ; switched 8KB ram bank 2
                      
                      ;  Bios Kernal ROM:
E000                  BIOS_ROM        equ     $e000   ; Begin BIOS Kernal ROM (8KB)
                      
                      
                      
                      ; ***************************************
                      ; * Read Only Sytem KERNAL ROM          *
                      ; ***************************************
                                            
                       
001F                  SECTION.CODE
E000                                          org     $E000  
                                  ;* Power On Initialization            
E000                  ROM_ENTRY   
E000  CE0200                                  LDU             #U_STK_TOP              ; top of user stack     
E003  10CE0400                                LDS     #S_STK_TOP              ; top of stack space   
E007  8EE07F                                  LDX             #reset
E00A  BF0010                                  STX             EXEC_VECTOR        
E00D  6E9F0000                    JMP     [SOFT_RESET]      
                      
                                  
                                  ;* NMI Vector Handler                     
E011  7EE029          do_NMI      JMP just_rti
                                  
                                  ;* SWI Vector Handler (do_SWI)   
E014  7EE029          do_SWI          JMP just_rti
                      
                                  ;* IRQ Vector Handler         
E017  7EE029          do_IRQ      JMP just_rti
                      
                                  ;* FIRQ Vector Handler         
E01A  7EE029          do_FIRQ     JMP just_rti
                      
                                  ;* SWI2 Vector Handler         
E01D  7EE029          do_SWI2     JMP just_rti
                      
                                  ;* SWI3 Vector Handler         
E020  7EE029          do_SWI3     JMP just_rti
                      
                                  ;* Reserved Vector Handler
E023  7EE07F          do_RSRV     JMP reset
                      
                                  ;* Reset Vector Handler         
E026  7EE07F          do_RESET    JMP reset
                                  
                      ;********************
                      ;* RESET
                      ;**************************                     
                                              
                      ; NOTES:  
                      ;
                      ;                       SYNC still needs to be implemented along with NMI, IRQ, and FIRQ handlers
                      
E029                  just_rti        
E029  3B                                      rti 
                      
E02A  2E2F61736D2F746573742E68657800 test_file       fcn             "./asm/test.hex"
                      
E039  54776F2D504920526574726F20363830390A prompt_msg      fcc             "Two-PI Retro 6809\n"
E04B  42494F53204B45524E454C20762E302E30320A                         fcc             "BIOS KERNEL v.0.02\n"
E05E  436F707972696768742032303233206279204A6179204661726965730A0A                         fcc             "Copyright 2023 by Jay Faries\n\n"
E07C  4F4B00          prompt_ready fcn        "OK"
                      
E07F                  reset           
                                              ; display the starting screen
E07F  BDE21E                                  jsr             starting_screen
E082  860A                                    lda             #$0a
E084  BDE179                                  jsr             char_out
                                              ; fresh anchor
E087  B60012                                  lda             TCSR_ROW
E08A  B70018                                  sta             TCSR_ANC_ROW
E08D  B60013                                  lda             TCSR_COL
E090  B70019                                  sta             TCSR_ANC_COL
E093  7F001A                                  clr             TCSR_ANC_ADR
E096  7F001B                                  clr             TCSR_ANC_ADR+1                  
                      
                                      ; main KERNEL loop
E099  C610                                    ldb             #$10
E09B  F70014                                  stb             TCSR_ATTRIB
E09E  CC0000                                  ldd             #0
E0A1  FD0016                                  std             TCSR_DECAY
                      
E0A4                  main_kernel
                                              ; rotate the cursor attributes
E0A4  FC0016                                  ldd             TCSR_DECAY              ; load the cursor delay
E0A7  C30001                                  addd    #1                              ; increment it
E0AA  FD0016                                  std             TCSR_DECAY              ; store it      
E0AD  10830200                                cmpd    #$200                   ; check if delay has expired
E0B1  2D15                                    blt             1f                              ; skip past the color update
E0B3  7C0014                                  inc             TCSR_ATTRIB             ; increment the color attribute
E0B6  CC0000                                  ldd             #0                              ; reset the cursor delay
E0B9  FD0016                                  std             TCSR_DECAY              ; store the reset delay
                      
                                              ; mark the anchor
E0BC  B60018                                  lda     TCSR_ANC_ROW    ; A: text cursor row
E0BF  F60019                                  ldb             TCSR_ANC_COL    ; B: text cursor column
E0C2  BDE1FF                                  jsr             tcsr_pos_reg    ; X: calculated offset within the video buffer
E0C5  BF001A                                  stx             TCSR_ANC_ADR
                      
                      ;; color the anchor character
                      ;                       ldb             #$3B                    ; anchor color attribute
                      ;                       stb             1,X                             ; highlight the anchor character
                      
E0C8                  1                       ; display the cursor
                      
E0C8  BDE1F1                                  jsr             tcsr_pos                ; fetch x from row/col
E0CB  8620                                    lda             #' '                    ; space character
E0CD  F60014                                  ldb             TCSR_ATTRIB             ; load the current attribute
E0D0  ED84                                    std             0,x                             ; place the cursor onto the screen
                                              
                                              ; check for a key in the queue
E0D2  B61928                                  lda             CHAR_Q_LEN              ; load the length of the key queue
E0D5  27CD                                    beq             main_kernel             ; loop if nothing is queued
                      
                                              ; delete the old cursor
E0D7  BDE1F1                                  jsr             tcsr_pos                ; calculate X from row/col
E0DA  8620                                    lda             #' '                    ; load a blank space character
E0DC  F60015                                  ldb             TEXT_ATTRIB             ; load the current text attribute
E0DF  ED84                                    std             0,x                             ; store the colored character at X (row/col)
                                              
                                              ; display typed character
E0E1  B6192A                                  lda             CHAR_POP                ; pop the last typed character  
                      
                                              ; was [ENTER] pressed
E0E4  810D                                    cmpa    #$0D                    ; check for [ENTER]
E0E6  262F                                    bne     2f                              ; nope, that wasn't it. Skip ahead to 2
                      
E0E8  3402                                    pshs    A                               ; save the typed key
E0EA  B60012                                  lda             TCSR_ROW                ; A: current cursor row
E0ED  F60013                                  ldb             TCSR_COL                ; B: current cursor column
E0F0  BDE1FF                                  jsr             tcsr_pos_reg    ; X: calculated offset 
E0F3  BF001C                                  stx             TCSR_EDT_ADR    ; save as the end of the current edit buffer
                      
                      ;;                      ; color highlight the pending string 
                      ;                       ldb             #$4c            
                      ;                       ldx             TCSR_ANC_ADR                    
                      ;                       leax    1,x
                      ;99                     stb             ,x++
                      ;                       cmpx    TCSR_EDT_ADR
                      ;                       blt             99b
                      
                                              ; copy the string to the hardware buffer
E0F6  108E193C                                ldy             #EDT_BUFFER             ; Y: current hardware edit buffer
E0FA  BE001A                                  ldx             TCSR_ANC_ADR    ; X: anchor or start of the edit string
E0FD  A681            4                       lda             ,x++                    ; load the character from the screen
E0FF  A7A0                                    sta             ,y+                             ; store it into the hardware edit buffer
E101  BC001C                                  cmpx    TCSR_EDT_ADR    ; check for the end of the string
E104  2DF7                                    blt             4b                              ; keep looping if not at the end
E106  6FA4                                    clr             ,y                              ; append a NULL character in the hardware buffer
                                              ;lda            #$0a
                                              ;jsr    char_out
E108  BDE272                                  jsr             execute_command ; parse and run the command                     
E10B  3502                                    puls    A                               ; A: restored Key typed
                                              
E10D  BE0012                                  ldx             TCSR_ROW
E110  BC0018                                  cmpx    TCSR_ANC_ROW
E113  2702                                    beq             2f
E115  2003                                    bra             3f
E117                  2
E117  BDE179                                  jsr             char_out                ; display the last typed character
E11A                  3
E11A  810D                                    cmpa    #$0D                    ; Was [ENTER] pressed?
E11C  261A                                    bne             2f                              ; no, move on
                      
                                              ; [ENTER] pressed                       
E11E  B60018                                  lda             TCSR_ANC_ROW
E121  F60019                                  ldb             TCSR_ANC_COL
E124  BDE1FF                                  jsr             tcsr_pos_reg
E127  F60015                                  ldb             TEXT_ATTRIB
E12A  E701                                    stb             1,x
                      
                                              ; move the anchor to the new cursor position
E12C  B60012                                  lda             TCSR_ROW
E12F  B70018                                  sta             TCSR_ANC_ROW
E132  B60013                                  lda             TCSR_COL
E135  B70019                                  sta             TCSR_ANC_COL
E138                  2
                                              ; display the new cursor
E138  BDE1F1                                  jsr             tcsr_pos                ; fetch x from row/col
E13B  8620                                    lda             #' '                    ; space character
E13D  F60014                                  ldb             TCSR_ATTRIB             ; load the current attribute
E140  ED84                                    std             0,x                             ; place the cursor onto the screen              
                      
                                              ; end of main kernel loop
E142  7EE0A4                                  jmp             main_kernel             ; continue the main kernel loop
                      
                      
                      ; **** SUBROUTINES ***************************************************
                      
                      
                      ; FILE SYSTEM TESTS:
                      
E145                  test_load_hex
                                              ; load "test.hex"
E145  8EE02A                                  ldx             #test_file              ; fetch the filename
E148  108E1827                                ldy             #FIO_FILEPATH   ; fetch the filename hardware register storage
E14C                  1
E14C  A680                                    lda             ,x+                             ; copy a character from the source filename
E14E  A7A0                                    sta             ,y+                             ; store it in the hardware register
E150  26FA                                    bne             1b                              ; keep looping until null-termination
                      
E152  8607                                    lda             #$07                    ; command: LoadHex
E154  B71820                                  sta             FIO_COMMAND             ; executre the command
E157  B6181F                                  lda             FIO_ERR_FLAGS   ; load the errors flag
E15A  8180                                    cmpa    #$80                    ; test for bit: file not found?
E15C  2700                                    beq             1f                              ; dont call the sub if it wasnt loaded
                      
                      
                                              ;jsr            [$0010]                 ; call the loaded subroutine
                      
                      
E15E                  1
E15E  39                                      rts
                      
                      
                      ; **** SYSTEM CALLS ******************************
                      
E15F                  clear_text_screen       ; clear the text screen
E15F  3416                                    pshs    D,X
E161  8E0400                                  ldx             #VIDEO_START
E164  8620                                    lda             #' '
E166  F60015                                  ldb             TEXT_ATTRIB
E169  ED81            1                       std             ,x++
E16B  8C17FF                                  cmpx    #VIDEO_END
E16E  23F9                                    bls             1b      
E170  3516                                    puls    D,X             
E172  7F0012                                  clr             TCSR_ROW
E175  7F0013                                  clr             TCSR_COL                        
E178  39                                      rts
                      
                      
E179                  char_out        ; Display character in the A register to the screen
                                              ; at the current cursor position and in the 
                                              ; current color.
E179  3436                                    pshs    D, X, Y
                      
                                              ; just return if A=null
E17B  4D                                      tsta
E17C  2762                                    beq             3f
E17E  F60015                                  ldb             TEXT_ATTRIB
E181  8D6E                                    bsr             tcsr_pos                ; find X from Row and Col
E183  810A                                    cmpa    #$0a
E185  2719                                    beq             _cr
E187  810D                                    cmpa    #$0D
E189  2715                                    beq             _cr
E18B  8108                                    cmpa    #$08                    ; backspace
E18D  2721                                    beq             _backspace
E18F  8120                                    cmpa    #$20
E191  2D4D                                    blt             3f
                                              ; standard printable character
E193  ED84                                    std             ,x
E195  7C0013                                  inc             TCSR_COL
E198  B60013                                  lda             TCSR_COL
E19B  B11809                                  cmpa    GFX_FG_WDTH
E19E  2340                                    bls             3f
E1A0                  _cr
E1A0  7F0013                                  clr             TCSR_COL
E1A3  B60012                                  lda             TCSR_ROW
E1A6  B1180A                                  cmpa    GFX_FG_HGHT
E1A9  2C0F                                    bge             _scroll
E1AB  7C0012                                  inc             TCSR_ROW
                      
E1AE  2030                                    bra             3f
E1B0                  _backspace
E1B0  B60013                                  lda             TCSR_COL
E1B3  272B                                    beq             3f
E1B5  7A0013                                  dec             TCSR_COL
                                              ;dec    EDT_BFR_CSR
E1B8  2026                                    bra             3f
                      
E1BA                  _scroll                 
E1BA  B61809                                  lda             GFX_FG_WDTH
E1BD  4C                                      inca
E1BE  C602                                    ldb             #2
E1C0  3D                                      mul
E1C1  8E0400                                  ldx             #VIDEO_START
E1C4  308B                                    leax    d,X
E1C6  108E0400                                ldy             #VIDEO_START
E1CA  EC81            1                       ldd             ,x++
E1CC  EDA1                                    std             ,y++
E1CE  8C17FF                                  cmpx    #VIDEO_END
E1D1  2DF7                                    blt             1b
E1D3  8620                                    lda             #' '
E1D5  F60015                                  ldb             TEXT_ATTRIB
E1D8  EDA1            2                       std             ,y++
E1DA  108C17FF                                cmpy    #VIDEO_END
E1DE  2DF8                                    blt             2b
                      
E1E0  3536            3                       puls    D, X, Y
E1E2  39                                      rts
                      
E1E3                  text_out        ; output the string pointed to by X using the current attribute
E1E3  3416                                    pshs    D,X
E1E5  A680            1                       lda             ,X+             
E1E7  2705                                    beq             2f                              
E1E9  BDE179                                  jsr             char_out
E1EC  20F7                                    bra             1b
E1EE  3516            2                       puls    D,X
E1F0  39                                      rts
                      
                      
E1F1                  tcsr_pos        ; load into X according to TCSR_ROW & TCSR_COL
                      
E1F1  3406                                    pshs    D                               ; save for later clean up
E1F3  B60012                                  lda     TCSR_ROW                ; A: cursor row
E1F6  F60013                                  ldb             TCSR_COL                ; B: cursor column
E1F9  BDE1FF                                  jsr     tcsr_pos_reg    ; X: position within the video buffer
E1FC  3506                                    puls    D                               ; clean up the registers
E1FE  39                                      rts                                             ; return
                      
                      
E1FF                  tcsr_pos_reg    ; load into X according to text cursor position (A:ROW, B:COL)
E1FF  3406                                    pshs    D                                               ; save A and B 
E201  3406                                            pshs    D                                       ; again, save A and B
E203  8E0400                                                  ldx             #VIDEO_START    ; point X to the start of the video buffer
E206  48                                                      lsla                                    ; account for the attribute byte
E207  F61809                                                  ldb             GFX_FG_WDTH             ; load the max horizontal character position
E20A  5C                                                      incb                                    ; correct for width
E20B  3D                                                      mul                                             ; offset the horizontial position
E20C  308B                                                    leax    D,X                             ; within the video buffer
E20E  3506                                            puls    D                                       ; restore A and B
E210  58                                              lslb                                            ; correct vertical to account for height
E211  3085                                            leax    b,x                                     ; offset into the video buffer
E213  8C17FF                                          cmpx    #VIDEO_END                      ; was the video buffer exceeded
E216  2303                                            bls             1f                                      ; branch out if not
E218  8E17FE                                          ldx             #VIDEO_END-1            ; point X to the very last cell as an error
E21B  3506            1                       puls    D                                               ; final register clean up
E21D  39                                      rts                                                             ; return
                      
E21E                  starting_screen ; clear and display the starting screen condition
                                      ; load the default graphics mode
E21E  B6001E                                  lda             DEF_GFX_FLAGS
E221  B71800                                  sta             GFX_FLAGS
                                      ; set the text attribute default
E224  86A2                                    lda             #$a2
E226  B70015                                  sta             TEXT_ATTRIB     
                                      ; clear screen
E229  BDE15F                                  jsr             clear_text_screen
                                      ; display the text prompt
E22C  8EE039                                  ldx             #prompt_msg
E22F  BDE1E3                                  jsr             text_out
                                      ; start the first anchor
E232  B60012                                  lda             TCSR_ROW
E235  B70018                                  sta             TCSR_ANC_ROW
E238  B60013                                  lda             TCSR_COL
E23B  B70019                                  sta             TCSR_ANC_COL
E23E  7F001A                                  clr             TCSR_ANC_ADR
E241  7F001B                                  clr             TCSR_ANC_ADR+1
E244  39                                      rts
                      
E245                  ok_prompt ; display the ready prompt
E245  8EE07C                                  ldx             #prompt_ready
E248  BDE1E3                                  jsr             text_out
E24B  860A                                    lda             #$0A
E24D  BDE179                                  jsr             char_out
E250  39                                      rts
                      
E251                  text_screen_reset
                                      ; load the default graphics mode
E251  B6001E                                  lda             DEF_GFX_FLAGS
E254  B71800                                  sta             GFX_FLAGS
                                      ; set the text attribute default
E257  86A2                                    lda             #$a2
E259  B70015                                  sta             TEXT_ATTRIB     
                                      ; clear screen
E25C  BDE15F                                  jsr             clear_text_screen
                                      ; start the first anchor
E25F  B60012                                  lda             TCSR_ROW
E262  B70018                                  sta             TCSR_ANC_ROW
E265  B60013                                  lda             TCSR_COL
E268  B70019                                  sta             TCSR_ANC_COL
E26B  7F001A                                  clr             TCSR_ANC_ADR
E26E  7F001B                                  clr             TCSR_ANC_ADR+1
E271  39                                      rts
                      
                      
E272                  execute_command ; parse and run the string that is currently in the hardware EDT_BUFFER register
E272  B6193C                                  lda             EDT_BUFFER
E275  8120                                    cmpa    #$20
E277  102700BE                                lbeq    1000f
                      
E27B  860A                                    lda             #$0a
E27D  BDE179                                  jsr             char_out
                      
                                      ; parse
E280  BDE33A                                  jsr             lookup_cmd
                      
                                      ; [L] = test load "test.hex"
E283  8100                                    cmpa    #0
E285  277E                                    beq             999f                            ; do syntax error
E287  8101                                    cmpa    #1                              
E289  271A                                    beq             1f                              ; do "cls"
E28B  8102                                    cmpa    #2                              
E28D  2722                                    beq             2f                              ; do "load"
E28F  8103                                    cmpa    #3
E291  2727                                    beq             3f                              ; do "exec"
E293  8104                                    cmpa    #4
E295  2742                                    beq             4f                              ; do "reset"
E297  8105                                    cmpa    #5
E299  2744                                    beq             5f                              ; do "exit"
E29B  8106                                    cmpa    #6
E29D  2746                                    beq             6f                              ; do "text32"
E29F  8107                                    cmpa    #7
E2A1  2752                                    beq             7f                              ; do "text64"
E2A3  2060                                    bra             999f                            ; syntax error
                      
E2A5                  1 ; cls
E2A5  86A2                                    lda             #$a2
E2A7  B70015                                  sta             TEXT_ATTRIB     
                                      ; clear screen
E2AA  BDE15F                                  jsr             clear_text_screen
E2AD  BDE245                                  jsr             ok_prompt
E2B0  39                                      rts             
                      
E2B1                  2 ; load
E2B1  BDE145                                  jsr     test_load_hex                   
E2B4  8602                                    lda             #$02                    ; load the default graphics mode
E2B6  BDE245                                  jsr             ok_prompt
E2B9  39                                      rts
                      
E2BA                  3 ; exec                        
E2BA  B6181F                                  lda             FIO_ERR_FLAGS   ; load the errors flag
E2BD  8480                                    anda    #$80                    ; test for bit: file not found?         
E2BF  4D                                      tsta    
E2C0  2613                                    bne             31f                             ; dont call the sub if it wasnt loaded
E2C2  BE0010                                  ldx             EXEC_VECTOR             ; whats in the exec vector?
E2C5  8CE07F                                  cmpx    #reset                  ; if its set to default
E2C8  270B                                    beq             31f                             ; then skip to OK prompt
E2CA  AD9F0010                                jsr             [EXEC_VECTOR]   ; call the loaded subroutine
                      
E2CE  BDE251                                  jsr             text_screen_reset
E2D1  BDE245                                  jsr             ok_prompt               
E2D4  39                                      rts
E2D5                  31 ; skip exec
E2D5  BDE245                                  jsr             ok_prompt
                      ;                       ldx             #prompt_ready
                      ;                       jsr             text_out
                      ;                       lda             #$0A
                      ;                       jsr             char_out
E2D8  39                                      rts
                      
E2D9                  4 ; reset
E2D9  8600                                    lda             #$00                    ; $00 = Reset/Null
E2DB  B71820                                  sta             FIO_COMMAND             ; send the command
E2DE  39                                      rts
                      
                                              ;jmp            reset
                      
E2DF                  5 ; exit
E2DF  8617                                    lda             #$17                    ; $17 = SYSTEM: Shutdown
E2E1  B71820                                  sta             FIO_COMMAND             ; send the command 
E2E4  39                                      rts
                      
E2E5                  6 ; text32
E2E5  B61800                                  lda             GFX_FLAGS
E2E8  84FC                                    anda    #$FC                    ; mask out FG mode
E2EA  8A01                                    ora             #$01                    ; mask in 32 column text mode
E2EC  B71800                                  sta             GFX_FLAGS               ; update the display mode
E2EF  B7001E                                  sta             DEF_GFX_FLAGS   ; replace the defaults
E2F2  7EE2D9                                  jmp             4b                              ; system: reset
                      
E2F5                  7 ; text64
E2F5  B61800                                  lda             GFX_FLAGS
E2F8  84FC                                    anda    #$FC                    ; mask out FG mode
E2FA  8A02                                    ora             #$02                    ; mask in 64 column text mode
E2FC  B71800                                  sta             GFX_FLAGS               ; update the display mode
E2FF  B7001E                                  sta             DEF_GFX_FLAGS   ; replace the defaults
E302  7EE2D9                                  jmp             4b                              ; system reset
                      
                      
E305                  999             ; Report a Syntax Error
                      ;                       lda             #$0a
                      ;                       jsr             char_out                
E305  8EE372                                  ldx             #strz_syntax_error
E308  BDE1E3                                  jsr             text_out
                      ;                       lda             #$0a
                      ;                       jsr             char_out                
E30B  BDE245                                  jsr             ok_prompt       
E30E  39                                      rts
                      
E30F  863A                                    lda             #':'
E311  BDE179                                  jsr             char_out
E314  8620                                    lda             #' '
E316  BDE179                                  jsr             char_out
E319  8622                                    lda             #$22                    ; "
E31B  BDE179                                  jsr             char_out
E31E  8E193C                                  ldx             #EDT_BUFFER
E321  BDE1E3                                  jsr             text_out
E324  8622                                    lda             #$22                    ; "
E326  BDE179                                  jsr             char_out
E329  860A                                    lda             #$0a
E32B  BDE179                                  jsr             char_out
E32E  8EE07C                                  ldx             #prompt_ready
E331  BDE1E3                                  jsr             text_out
E334  860A                                    lda             #$0a
E336  BDE179                                  jsr             char_out
E339                  1000 ; return from subroutine
E339  39                                      rts
                      
E33A                  lookup_cmd      ; return in A index of the command
                                              ; or A = 0 if command not found
E33A  3434                                    pshs    B, X, Y
E33C  8601                                    lda             #1                              ; RET = 1
E33E  3402                                    pshs    A                               ; push local RET onto the stack
E340  4F                                      clra                                    ; A = Working Accumilator                       
E341  5F                                      clrb                                    ; B = EDT_BUFFER[B] index
E342  8E193C                                  ldx             #EDT_BUFFER             ; X = EDT_BUFFER[0]
E345  108EE382                                ldy             #command_LUT    ; Y points to the position within the lookup table
E349                  1 ; loop:                                       
E349  A685                                    lda             B, X                    ; load A from EDT_BUFFER[X]     
E34B  81FF                                    cmpa    #$ff                    ; compare A with 0xFF
E34D  271C                                    beq             3f                              ; branch if EQUAL to failure
E34F  8100                                    cmpa    #$00                    ; compare A with NULL-TERMINATION
E351  271A                                    beq             4f                              ; branch if EQUAL to success
E353  8A20                                    ora             #$20                    ; force lower case
E355  A1A0                                    cmpa    ,Y+                             ; compare A with command_LUT[Y]
E357  2603                                    bne             2f                              ; branch if NOT equal to next_token
E359  5C                                      incb                                    ; increment index in EDT_BUFFER[B]
                                              ;leay   1,Y                             ; increment Y
E35A  20ED                                    bra             1b                              ; branch back to loop           
E35C                  2 ; next_token:
E35C  6CE4                                    inc             0,S                             ; increment RET
E35E  5F                                      clrb                                    ; clear EDT_BUFFER[B] index
                                              ; move Y to the beginning of the next label
E35F                  5 ; lp_1:
E35F  A6A0                                    lda             ,Y+                             ; load a with the current character in the LUT
E361  81FF                                    cmpa    #$ff                    ; if were at the end of the LUT
E363  2706                                    beq             3f                              ; branch to failure
E365  8100                                    cmpa    #$00                    ; end of a token
E367  26F6                                    bne             5b                              ; keep searching if not
                                              ;lda            ,Y+                             ; increment to the start of next token
E369  20DE                                    bra             1b                              ; branch back to loop    
E36B                  3 ; failure:
E36B  6FE4                                    clr             0,S                             ; RET = 0
E36D                  4 ; success:
E36D  3502                                    puls    A                               ; recover local RET
E36F  3534                                    puls    B, X, Y
E371  39                                      rts                                             ; return RET                    
                      
                      
E372                  strz_syntax_error
E372  4552524F523A2053796E746178210A00                         fcn             "ERROR: Syntax!\n"
E382                  command_LUT 
E382  636C7300                                fcn             "cls"                   ; 1
E386  6C6F616400                              fcn             "load"                  ; 2
E38B  6578656300                              fcn             "exec"                  ; 3
E390  726573657400                            fcn             "reset"                 ; 4
E396  6578697400                              fcn             "exit"                  ; 5
E39B  6D6F646520333200                         fcn             "mode 32"               ; 6
E3A3  6D6F646520363400                         fcn             "mode 64"               ; 7
E3AB  FF                                      fcb             0xFF
                      
                      
                      
                      
                      ; ***********************************************************
                      
                      
                      ; interrupt vectors
FFF0                                                  org  $fff0
FFF0  E023            HARD_RSRVD      fdb  do_RSRV    ; Motorola RESERVED Hardware Interrupt Vector
FFF2  E020            HARD_SWI3       fdb  do_SWI3    ; SWI3 Hardware Interrupt Vector
FFF4  E01D            HARD_SWI2       fdb  do_SWI2    ; SWI2 Hardware Interrupt Vector
FFF6  E01A            HARD_FIRQ       fdb  do_FIRQ    ; FIRQ Hardware Interrupt Vector
FFF8  E017            HARD_IRQ        fdb  do_IRQ     ; IRQ Hardware Interrupt Vector
FFFA  E014            HARD_SWI        fdb  do_SWI     ; SWI/SYS Hardware Interrupt Vector
FFFC  E011            HARD_NMI        fdb  do_NMI     ; NMI Hardware Interrupt Vector
FFFE  E000            HARD_RESET      fdb  ROM_ENTRY  ; RESET Hardware Interrupt Vector
                      
0000                                          END
